<?xml version="1.0" encoding="UTF-8"?>
<!-- Generated by org.testng.reporters.JUnitReportReporter -->
<testsuite hostname="DESKTOP-SO9273F" failures="0" tests="3" name="com.actualcare.test.TreatmentDaoTest" time="3.207" errors="0" timestamp="04 Mar 2018 02:04:06 GMT" skipped="0">
  <testcase classname="com.actualcare.test.TreatmentDaoTest" name="insertTest" time="2.852"/>
  <testcase classname="com.actualcare.test.TreatmentDaoTest" name="returnTest" time="0.182"/>
  <testcase classname="com.actualcare.test.TreatmentDaoTest" name="deleteTest" time="0.173"/>
</testsuite> <!-- com.actualcare.test.TreatmentDaoTest -->
