<?xml version="1.0" encoding="UTF-8"?>
<!-- Generated by org.testng.reporters.JUnitReportReporter -->
<testsuite hostname="DESKTOP-SO9273F" failures="0" tests="3" name="com.actualcare.test.TreatmentDaoTest" time="6.747" errors="0" timestamp="05 Mar 2018 18:08:25 GMT" skipped="0">
  <testcase classname="com.actualcare.test.TreatmentDaoTest" name="insertTest" time="6.129"/>
  <testcase classname="com.actualcare.test.TreatmentDaoTest" name="returnTest" time="0.302"/>
  <testcase classname="com.actualcare.test.TreatmentDaoTest" name="deleteTest" time="0.316"/>
</testsuite> <!-- com.actualcare.test.TreatmentDaoTest -->
